<?xml version="1.0" encoding="UTF-8"?>
<testsuite name="AnagramTest" tests="4" skipped="0" failures="0" errors="0" timestamp="2016-09-07T23:58:54" hostname="epicodus-11.local" time="0.002">
  <properties/>
  <testcase name="multipleAnagrams_ListsAnagrams_list" classname="AnagramTest" time="0.001"/>
  <testcase name="isAnagram_CaseInsensitive_Yes" classname="AnagramTest" time="0.0"/>
  <testcase name="isAnagram_fail_No" classname="AnagramTest" time="0.0"/>
  <testcase name="isAnagram_TwoWords_Yes" classname="AnagramTest" time="0.0"/>
  <system-out><![CDATA[]]></system-out>
  <system-err><![CDATA[]]></system-err>
</testsuite>
